<?xml version="1.0" encoding="UTF-8"?>
<!-- Generated by org.testng.reporters.JUnitReportReporter -->
<testsuite hostname="DESKTOP-H05C8H6" failures="0" tests="5" name="com.ktnl.Test_register" time="3.184" errors="0" timestamp="2025-01-09T09:33:40 IST" skipped="4">
  <testcase classname="com.ktnl.Test_register" name="user4" time="3.184"/>
  <testcase classname="com.ktnl.Test_register" name="user2">
    <skipped/>
  </testcase> <!-- user2 -->
  <testcase classname="com.ktnl.Test_register" name="user1">
    <skipped/>
  </testcase> <!-- user1 -->
  <testcase classname="com.ktnl.Test_register" name="user3">
    <skipped/>
  </testcase> <!-- user3 -->
  <testcase classname="com.ktnl.Test_register" name="user5">
    <skipped/>
  </testcase> <!-- user5 -->
</testsuite> <!-- com.ktnl.Test_register -->
