<?xml version="1.0" encoding="UTF-8"?>
<!-- Generated by org.testng.reporters.JUnitReportReporter -->
<testsuite hostname="DESKTOP-H05C8H6" failures="0" tests="5" name="com.Crm.Test_DummyLogin" time="14.474" errors="0" timestamp="2025-02-10T18:22:11 IST" skipped="4">
  <testcase classname="com.Crm.Test_DummyLogin" name="Orginal" time="14.474"/>
  <testcase classname="com.Crm.Test_DummyLogin" name="clientvaira">
    <skipped/>
  </testcase> <!-- clientvaira -->
  <testcase classname="com.Crm.Test_DummyLogin" name="client4">
    <skipped/>
  </testcase> <!-- client4 -->
  <testcase classname="com.Crm.Test_DummyLogin" name="client3">
    <skipped/>
  </testcase> <!-- client3 -->
  <testcase classname="com.Crm.Test_DummyLogin" name="clientSowbranika">
    <skipped/>
  </testcase> <!-- clientSowbranika -->
</testsuite> <!-- com.Crm.Test_DummyLogin -->
