<?xml version="1.0" encoding="UTF-8"?>
<!-- Generated by org.testng.reporters.JUnitReportReporter -->
<testsuite hostname="DESKTOP-H05C8H6" failures="0" tests="1" name="com.Crm.Test_MeenalIncentive" time="21.738" errors="0" timestamp="2025-01-19T19:49:21 IST" skipped="0">
  <testcase classname="com.Crm.Test_MeenalIncentive" name="MEENALCREATE" time="21.738"/>
</testsuite> <!-- com.Crm.Test_MeenalIncentive -->
