<?xml version="1.0" encoding="UTF-8"?>
<!-- Generated by org.testng.reporters.JUnitReportReporter -->
<testsuite hostname="DESKTOP-H05C8H6" failures="0" tests="6" name="com.Crm.Test_MuraliIncentive" time="14.898" errors="0" timestamp="2025-01-22T18:21:55 IST" skipped="5">
  <testcase classname="com.Crm.Test_MuraliIncentive" name="MuralisubmitBT" time="14.898"/>
  <testcase classname="com.Crm.Test_MuraliIncentive" name="Delete">
    <skipped/>
  </testcase> <!-- Delete -->
  <testcase classname="com.Crm.Test_MuraliIncentive" name="MURALICREATE">
    <skipped/>
  </testcase> <!-- MURALICREATE -->
  <testcase classname="com.Crm.Test_MuraliIncentive" name="MuraliEdit">
    <skipped/>
  </testcase> <!-- MuraliEdit -->
  <testcase classname="com.Crm.Test_MuraliIncentive" name="MuraliView">
    <skipped/>
  </testcase> <!-- MuraliView -->
  <testcase classname="com.Crm.Test_MuraliIncentive" name="Search">
    <skipped/>
  </testcase> <!-- Search -->
</testsuite> <!-- com.Crm.Test_MuraliIncentive -->
