<?xml version="1.0" encoding="UTF-8"?>
<!-- Generated by org.testng.reporters.JUnitReportReporter -->
<testsuite hostname="DESKTOP-H05C8H6" failures="0" tests="4" name="com.Crm.Test_Incentive" time="10.182" errors="0" timestamp="2025-01-21T09:20:05 IST" skipped="3">
  <testcase classname="com.Crm.Test_Incentive" name="viewSMRIT" time="10.182"/>
  <testcase classname="com.Crm.Test_Incentive" name="EditSMRIT">
    <skipped/>
  </testcase> <!-- EditSMRIT -->
  <testcase classname="com.Crm.Test_Incentive" name="SMRITHIGURUNATHAN">
    <skipped/>
  </testcase> <!-- SMRITHIGURUNATHAN -->
  <testcase classname="com.Crm.Test_Incentive" name="inageCreate">
    <skipped/>
  </testcase> <!-- inageCreate -->
</testsuite> <!-- com.Crm.Test_Incentive -->
