<?xml version="1.0" encoding="UTF-8"?>
<!-- Generated by org.testng.reporters.JUnitReportReporter -->
<testsuite hostname="DESKTOP-H05C8H6" failures="0" tests="1" name="com.Crm.Test_Member_CreateMembe" time="16.686" errors="0" timestamp="2025-02-04T20:16:03 IST" skipped="0">
  <testcase classname="com.Crm.Test_Member_CreateMembe" name="MemCreatwThiyagarajan" time="16.686"/>
</testsuite> <!-- com.Crm.Test_Member_CreateMembe -->
