<?xml version="1.0" encoding="UTF-8"?>
<!-- Generated by org.testng.reporters.JUnitReportReporter -->
<testsuite hostname="DESKTOP-H05C8H6" failures="0" tests="2" name="com.Crm.Test_FailedCases" time="9.852" errors="0" timestamp="2025-01-23T16:18:05 IST" skipped="1">
  <testcase classname="com.Crm.Test_FailedCases" name="EmployeeDELETE" time="9.852"/>
  <testcase classname="com.Crm.Test_FailedCases" name="EditSMRIT">
    <skipped/>
  </testcase> <!-- EditSMRIT -->
</testsuite> <!-- com.Crm.Test_FailedCases -->
