<?xml version="1.0" encoding="UTF-8"?>
<!-- Generated by org.testng.reporters.JUnitReportReporter -->
<testsuite hostname="DESKTOP-H05C8H6" failures="0" tests="2" name="com.SS.Test_Signup" time="10.350" errors="0" timestamp="2025-02-20T13:08:39 IST" skipped="1">
  <testcase classname="com.SS.Test_Signup" name="Register2" time="10.350"/>
  <testcase classname="com.SS.Test_Signup" name="Register1">
    <skipped/>
  </testcase> <!-- Register1 -->
</testsuite> <!-- com.SS.Test_Signup -->
