<?xml version="1.0" encoding="UTF-8"?>
<!-- Generated by org.testng.reporters.JUnitReportReporter -->
<testsuite hostname="DESKTOP-H05C8H6" failures="0" tests="1" name="com.SS.Test_DBMyprofile" time="12.506" errors="0" timestamp="2025-02-22T12:21:59 IST" skipped="0">
  <testcase classname="com.SS.Test_DBMyprofile" name="Myprofile1" time="12.506"/>
</testsuite> <!-- com.SS.Test_DBMyprofile -->
