<?xml version="1.0" encoding="UTF-8"?>
<!-- Generated by org.testng.reporters.JUnitReportReporter -->
<testsuite hostname="DESKTOP-H05C8H6" failures="0" tests="15" name="com.SS.Test_MultipleLogin" time="77.733" errors="0" timestamp="2025-01-23T11:50:27 IST" skipped="0">
  <testcase classname="com.SS.Test_MultipleLogin" name="login1" time="5.738"/>
  <testcase classname="com.SS.Test_MultipleLogin" name="login2" time="4.304"/>
  <testcase classname="com.SS.Test_MultipleLogin" name="login3" time="4.700"/>
  <testcase classname="com.SS.Test_MultipleLogin" name="login4" time="4.157"/>
  <testcase classname="com.SS.Test_MultipleLogin" name="login5" time="4.383"/>
  <testcase classname="com.SS.Test_MultipleLogin" name="login6" time="4.731"/>
  <testcase classname="com.SS.Test_MultipleLogin" name="login7" time="4.125"/>
  <testcase classname="com.SS.Test_MultipleLogin" name="login8" time="5.227"/>
  <testcase classname="com.SS.Test_MultipleLogin" name="login9" time="4.418"/>
  <testcase classname="com.SS.Test_MultipleLogin" name="login10" time="5.677"/>
  <testcase classname="com.SS.Test_MultipleLogin" name="login11" time="8.175"/>
  <testcase classname="com.SS.Test_MultipleLogin" name="login12" time="4.722"/>
  <testcase classname="com.SS.Test_MultipleLogin" name="login13" time="6.328"/>
  <testcase classname="com.SS.Test_MultipleLogin" name="login14" time="5.042"/>
  <testcase classname="com.SS.Test_MultipleLogin" name="login15" time="6.006"/>
</testsuite> <!-- com.SS.Test_MultipleLogin -->
