<?xml version="1.0" encoding="UTF-8"?>
<!-- Generated by org.testng.reporters.JUnitReportReporter -->
<testsuite hostname="DESKTOP-H05C8H6" failures="0" tests="1" name="com.SS.Test_RewardsPoints" time="8.665" errors="0" timestamp="2025-01-24T17:29:35 IST" skipped="0">
  <testcase classname="com.SS.Test_RewardsPoints" name="VijayaragavanREWPOI" time="8.665"/>
</testsuite> <!-- com.SS.Test_RewardsPoints -->
