<?xml version="1.0" encoding="UTF-8"?>
<!-- Generated by org.testng.reporters.JUnitReportReporter -->
<testsuite hostname="DESKTOP-H05C8H6" failures="0" tests="5" name="com.SS.Test_URLLaunch" time="6.502" errors="0" timestamp="2025-01-10T17:13:42 IST" skipped="4">
  <testcase classname="com.SS.Test_URLLaunch" name="SSlogo" time="6.502"/>
  <testcase classname="com.SS.Test_URLLaunch" name="gosite">
    <skipped/>
  </testcase> <!-- gosite -->
  <testcase classname="com.SS.Test_URLLaunch" name="welcomebackText">
    <skipped/>
  </testcase> <!-- welcomebackText -->
  <testcase classname="com.SS.Test_URLLaunch" name="forgotpasstext">
    <skipped/>
  </testcase> <!-- forgotpasstext -->
  <testcase classname="com.SS.Test_URLLaunch" name="NewtoLogger">
    <skipped/>
  </testcase> <!-- NewtoLogger -->
</testsuite> <!-- com.SS.Test_URLLaunch -->
