<?xml version="1.0" encoding="UTF-8"?>
<!-- Generated by org.testng.reporters.JUnitReportReporter -->
<testsuite hostname="DESKTOP-H05C8H6" failures="0" tests="1" name="com.SS.Test_DBMyprofileUpload" time="12.675" errors="0" timestamp="2025-01-24T16:58:38 IST" skipped="0">
  <testcase classname="com.SS.Test_DBMyprofileUpload" name="VijayragavanprofileUpload" time="12.675"/>
</testsuite> <!-- com.SS.Test_DBMyprofileUpload -->
