<?xml version="1.0" encoding="UTF-8"?>
<!-- Generated by org.testng.reporters.JUnitReportReporter -->
<testsuite hostname="DESKTOP-H05C8H6" failures="0" tests="2" name="com.SS.Test_Practice" time="18.777" errors="0" timestamp="2025-02-22T12:04:39 IST" skipped="1">
  <testcase classname="com.SS.Test_Practice" name="LoginSS" time="18.777"/>
  <testcase classname="com.SS.Test_Practice" name="Signup1">
    <skipped/>
  </testcase> <!-- Signup1 -->
</testsuite> <!-- com.SS.Test_Practice -->
